<?xml version="1.0" encoding="UTF-8"?>
<testng-results ignored="0" total="3" passed="3" failed="0" skipped="0">
  <reporter-output>
  </reporter-output>
  <suite started-at="2024-04-29T08:17:22 IST" name="Default suite" finished-at="2024-04-29T08:18:14 IST" duration-ms="52057">
    <groups>
    </groups>
    <test started-at="2024-04-29T08:17:22 IST" name="Default test" finished-at="2024-04-29T08:18:14 IST" duration-ms="52057">
      <class name="testscripts.TestPIM">
        <test-method is-config="true" signature="openBrowser()[pri:0, instance:testscripts.TestPIM@38425407]" started-at="2024-04-29T08:17:22 IST" name="openBrowser" finished-at="2024-04-29T08:17:29 IST" duration-ms="6955" status="PASS">
          <reporter-output>
          </reporter-output>
        </test-method> <!-- openBrowser -->
        <test-method is-config="true" signature="precondition()[pri:0, instance:testscripts.TestPIM@38425407]" started-at="2024-04-29T08:17:29 IST" name="precondition" finished-at="2024-04-29T08:17:33 IST" duration-ms="4214" status="PASS">
          <reporter-output>
          </reporter-output>
        </test-method> <!-- precondition -->
        <test-method signature="testPIM_Creation()[pri:1, instance:testscripts.TestPIM@38425407]" started-at="2024-04-29T08:17:33 IST" name="testPIM_Creation" finished-at="2024-04-29T08:17:49 IST" duration-ms="15960" status="PASS">
          <reporter-output>
          </reporter-output>
        </test-method> <!-- testPIM_Creation -->
        <test-method is-config="true" signature="postcondition()[pri:0, instance:testscripts.TestPIM@38425407]" started-at="2024-04-29T08:17:49 IST" name="postcondition" finished-at="2024-04-29T08:17:50 IST" duration-ms="929" status="PASS">
          <reporter-output>
          </reporter-output>
        </test-method> <!-- postcondition -->
        <test-method is-config="true" signature="precondition()[pri:0, instance:testscripts.TestPIM@38425407]" started-at="2024-04-29T08:17:50 IST" name="precondition" finished-at="2024-04-29T08:17:55 IST" duration-ms="4389" status="PASS">
          <reporter-output>
          </reporter-output>
        </test-method> <!-- precondition -->
        <test-method signature="testPIM_Update()[pri:2, instance:testscripts.TestPIM@38425407]" started-at="2024-04-29T08:17:55 IST" name="testPIM_Update" finished-at="2024-04-29T08:17:55 IST" depends-on-methods="testscripts.TestPIM.testPIM_Creation" duration-ms="4" status="PASS">
          <reporter-output>
          </reporter-output>
        </test-method> <!-- testPIM_Update -->
        <test-method is-config="true" signature="postcondition()[pri:0, instance:testscripts.TestPIM@38425407]" started-at="2024-04-29T08:17:55 IST" name="postcondition" finished-at="2024-04-29T08:17:57 IST" duration-ms="1963" status="PASS">
          <reporter-output>
          </reporter-output>
        </test-method> <!-- postcondition -->
        <test-method is-config="true" signature="precondition()[pri:0, instance:testscripts.TestPIM@38425407]" started-at="2024-04-29T08:17:57 IST" name="precondition" finished-at="2024-04-29T08:18:00 IST" duration-ms="3570" status="PASS">
          <reporter-output>
          </reporter-output>
        </test-method> <!-- precondition -->
        <test-method signature="testPIM_Delete()[pri:3, instance:testscripts.TestPIM@38425407]" started-at="2024-04-29T08:18:00 IST" name="testPIM_Delete" finished-at="2024-04-29T08:18:13 IST" depends-on-methods="testscripts.TestPIM.testPIM_Creation" duration-ms="12838" status="PASS">
          <reporter-output>
          </reporter-output>
        </test-method> <!-- testPIM_Delete -->
        <test-method is-config="true" signature="postcondition()[pri:0, instance:testscripts.TestPIM@38425407]" started-at="2024-04-29T08:18:13 IST" name="postcondition" finished-at="2024-04-29T08:18:14 IST" duration-ms="893" status="PASS">
          <reporter-output>
          </reporter-output>
        </test-method> <!-- postcondition -->
        <test-method is-config="true" signature="closeBrowser()[pri:0, instance:testscripts.TestPIM@38425407]" started-at="2024-04-29T08:18:14 IST" name="closeBrowser" finished-at="2024-04-29T08:18:14 IST" duration-ms="271" status="PASS">
          <reporter-output>
          </reporter-output>
        </test-method> <!-- closeBrowser -->
      </class> <!-- testscripts.TestPIM -->
    </test> <!-- Default test -->
  </suite> <!-- Default suite -->
</testng-results>
