<?xml version="1.0" encoding="UTF-8"?>
<testsuite xmlns:xsi="http://www.w3.org/2001/XMLSchema-instance" xsi:noNamespaceSchemaLocation="https://maven.apache.org/surefire/maven-surefire-plugin/xsd/surefire-test-report-3.0.xsd" version="3.0" name="TestSuite" time="63.725" tests="2" errors="0" skipped="0" failures="0">
  <properties>
[...]
</properties>
  <testcase name="runScenario[&quot;Search Selenium interview questions&quot;, &quot;Optional[Google search functionality test]&quot;](1)" classname="runner.TestRunner" time="20.919">
    <system-out><![CDATA[
@Smoke
Scenario: Search Selenium interview questions                                     # src/test/resources/feature/GoogleSearch.feature:4
  Given user is already in google search page                                     # stepdefinition.TestGoogleSearch.user_is_already_in_google_search_page()
  When user types "Selenium" in the search input field and press enter button     # stepdefinition.TestGoogleSearch.user_types_in_the_search_input_field_and_press_enter_button(java.lang.String)
  Then user should be able to see google search page with title having "Selenium" # stepdefinition.TestGoogleSearch.user_should_be_able_to_see_google_search_page_with_title_having(java.lang.String)
  And user close the browser                                                      # stepdefinition.TestGoogleSearch.closeBrowser()
]]></system-out>
    <system-err><![CDATA[May 10, 2024 8:37:11 AM org.openqa.selenium.devtools.CdpVersionFinder findNearestMatch
WARNING: Unable to find an exact match for CDP version 124, returning the closest version; found: 120; Please update to a Selenium version that supports CDP version 124
]]></system-err>
  </testcase>
  <testcase name="runScenario[&quot;Create new lead with name as QA&quot;, &quot;Optional[Create lead in Vtiger application]&quot;](2)" classname="runner.TestRunner" time="36.095">
    <system-out><![CDATA[
@Smoke
Scenario Outline: Create new lead with name as QA                                                                   # src/test/resources/feature/VtigerLead.feature:17
  Given user already in login page                                                                                  # stepdefinition.VtigerLeadStepDef.user_already_in_login_page()
  And user login successfully with valid data                                                                       # stepdefinition.VtigerLeadStepDef.user_login_successfully_with_valid_data()
  And click on navigation bar                                                                                       # stepdefinition.VtigerLeadStepDef.click_on_navigation_bar()
  And go to Marketing and select Leads                                                                              # stepdefinition.VtigerLeadStepDef.go_to_marketing_and_select_leads()
  When click on Add Leads button and enter firstname as QA ,last as Champak ,number as 123 and click on save button # stepdefinition.VtigerLeadStepDef.enter_firstname_as_last_as_number_as_and_click_on_save_button(java.lang.String,java.lang.String,java.lang.String)
  And click on All link                                                                                             # stepdefinition.VtigerLeadStepDef.click_on_all_link()
  Then verify lead is created with Champak                                                                          # stepdefinition.VtigerLeadStepDef.varify_lead_is_created_with(java.lang.String)
  And user close the browser                                                                                        # stepdefinition.TestGoogleSearch.closeBrowser()
]]></system-out>
    <system-err><![CDATA[May 10, 2024 8:37:25 AM org.openqa.selenium.devtools.CdpVersionFinder findNearestMatch
WARNING: Unable to find an exact match for CDP version 124, returning the closest version; found: 120; Please update to a Selenium version that supports CDP version 124
]]></system-err>
  </testcase>
</testsuite>