<?xml version="1.0" encoding="UTF-8"?>
<testng-results ignored="0" total="2" passed="2" failed="0" skipped="0">
  <reporter-output>
  </reporter-output>
  <suite started-at="2024-05-10T08:36:57 IST" name="Suite" finished-at="2024-05-10T08:37:59 IST" duration-ms="62442">
    <groups>
      <group name="cucumber">
        <method signature="AbstractTestNGCucumberTests.runScenario(io.cucumber.testng.PickleWrapper,io.cucumber.testng.FeatureWrapper)[pri:0, instance:runner.TestRunner@4efac082]" name="runScenario" class="io.cucumber.testng.AbstractTestNGCucumberTests"/>
      </group> <!-- cucumber -->
    </groups>
    <test started-at="2024-05-10T08:36:57 IST" name="Test" finished-at="2024-05-10T08:37:59 IST" duration-ms="62442">
      <class name="runner.TestRunner">
        <test-method is-config="true" signature="setUpClass()[pri:0, instance:runner.TestRunner@4efac082]" started-at="2024-05-10T08:36:57 IST" name="setUpClass" finished-at="2024-05-10T08:37:00 IST" duration-ms="2876" status="PASS">
          <reporter-output>
          </reporter-output>
        </test-method> <!-- setUpClass -->
        <test-method signature="runScenario(io.cucumber.testng.PickleWrapper,io.cucumber.testng.FeatureWrapper)[pri:0, instance:runner.TestRunner@4efac082]" started-at="2024-05-10T08:37:00 IST" name="runScenario" description="Runs Cucumber Scenarios" data-provider="scenarios" finished-at="2024-05-10T08:37:21 IST" duration-ms="20917" status="PASS">
          <params>
            <param index="0">
              <value>
                <![CDATA["Search Selenium interview questions"]]>
              </value>
            </param>
            <param index="1">
              <value>
                <![CDATA["Optional[Google search functionality test]"]]>
              </value>
            </param>
          </params>
          <reporter-output>
          </reporter-output>
        </test-method> <!-- runScenario -->
        <test-method signature="runScenario(io.cucumber.testng.PickleWrapper,io.cucumber.testng.FeatureWrapper)[pri:0, instance:runner.TestRunner@4efac082]" started-at="2024-05-10T08:37:21 IST" name="runScenario" description="Runs Cucumber Scenarios" data-provider="scenarios" finished-at="2024-05-10T08:37:57 IST" duration-ms="36099" status="PASS">
          <params>
            <param index="0">
              <value>
                <![CDATA["Create new lead with name as QA"]]>
              </value>
            </param>
            <param index="1">
              <value>
                <![CDATA["Optional[Create lead in Vtiger application]"]]>
              </value>
            </param>
          </params>
          <reporter-output>
          </reporter-output>
        </test-method> <!-- runScenario -->
        <test-method is-config="true" signature="tearDownClass()[pri:0, instance:runner.TestRunner@4efac082]" started-at="2024-05-10T08:37:57 IST" name="tearDownClass" finished-at="2024-05-10T08:37:59 IST" duration-ms="2389" status="PASS">
          <reporter-output>
          </reporter-output>
        </test-method> <!-- tearDownClass -->
      </class> <!-- runner.TestRunner -->
    </test> <!-- Test -->
  </suite> <!-- Suite -->
</testng-results>
