<?xml version="1.0" encoding="UTF-8"?>
<testng-results ignored="0" total="1" passed="1" failed="0" skipped="0">
  <reporter-output>
  </reporter-output>
  <suite started-at="2024-05-23T09:01:02 IST" name="Default suite" finished-at="2024-05-23T09:01:02 IST" duration-ms="139">
    <groups>
    </groups>
    <test started-at="2024-05-23T09:01:02 IST" name="Default test" finished-at="2024-05-23T09:01:02 IST" duration-ms="139">
      <class name="day1.jsonexamples.Example2">
        <test-method signature="testJsonArrayCreation()[pri:0, instance:day1.jsonexamples.Example2@76c3e77a]" started-at="2024-05-23T09:01:02 IST" name="testJsonArrayCreation" finished-at="2024-05-23T09:01:02 IST" duration-ms="33" status="PASS">
          <reporter-output>
          </reporter-output>
        </test-method> <!-- testJsonArrayCreation -->
      </class> <!-- day1.jsonexamples.Example2 -->
    </test> <!-- Default test -->
  </suite> <!-- Default suite -->
</testng-results>
