<?xml version="1.0" encoding="UTF-8"?>
<!-- Generated by org.testng.reporters.JUnitXMLReporter -->
<testsuite ignored="0" hostname="DESKTOP-LLLGMOJ" failures="0" tests="3" name="Default test" time="52.057" errors="0" timestamp="2024-04-29T08:18:14 IST">
  <testcase classname="testscripts.TestPIM" name="testPIM_Creation" time="15.96"/>
  <testcase classname="testscripts.TestPIM" name="testPIM_Update" time="0.004"/>
  <testcase classname="testscripts.TestPIM" name="testPIM_Delete" time="12.838"/>
</testsuite> <!-- Default test -->
